<?xml version="1.0" encoding="UTF-8"?>
<coverage generated="1730139400734" clover="3.2.0">
  <project timestamp="1730139400735" name="All files">
    <metrics statements="36" coveredstatements="34" conditionals="5" coveredconditionals="4" methods="1" coveredmethods="0" elements="42" coveredelements="38" complexity="0" loc="36" ncloc="36" packages="1" files="2" classes="2"/>
    <file name="bin.ts" path="C:\Users\Admin\Desktop\My_Projects\Node_Expess_testing\4-express-vitest\src\bin.ts">
      <metrics statements="2" coveredstatements="0" conditionals="1" coveredconditionals="0" methods="1" coveredmethods="0"/>
      <line num="1" count="0" type="cond" truecount="0" falsecount="1"/>
      <line num="3" count="0" type="stmt"/>
    </file>
    <file name="index.ts" path="C:\Users\Admin\Desktop\My_Projects\Node_Expess_testing\4-express-vitest\src\index.ts">
      <metrics statements="34" coveredstatements="34" conditionals="4" coveredconditionals="4" methods="0" coveredmethods="0"/>
      <line num="1" count="1" type="stmt"/>
      <line num="4" count="1" type="stmt"/>
      <line num="5" count="1" type="stmt"/>
      <line num="7" count="1" type="stmt"/>
      <line num="8" count="1" type="stmt"/>
      <line num="9" count="1" type="stmt"/>
      <line num="10" count="1" type="stmt"/>
      <line num="12" count="1" type="cond" truecount="1" falsecount="0"/>
      <line num="13" count="2" type="stmt"/>
      <line num="15" count="2" type="cond" truecount="1" falsecount="0"/>
      <line num="16" count="1" type="stmt"/>
      <line num="18" count="1" type="stmt"/>
      <line num="19" count="1" type="stmt"/>
      <line num="20" count="1" type="stmt"/>
      <line num="21" count="1" type="stmt"/>
      <line num="22" count="2" type="stmt"/>
      <line num="23" count="2" type="stmt"/>
      <line num="24" count="2" type="stmt"/>
      <line num="25" count="2" type="stmt"/>
      <line num="27" count="1" type="cond" truecount="1" falsecount="0"/>
      <line num="28" count="2" type="stmt"/>
      <line num="29" count="2" type="stmt"/>
      <line num="30" count="2" type="stmt"/>
      <line num="31" count="2" type="stmt"/>
      <line num="33" count="2" type="cond" truecount="1" falsecount="0"/>
      <line num="34" count="1" type="stmt"/>
      <line num="36" count="1" type="stmt"/>
      <line num="37" count="1" type="stmt"/>
      <line num="38" count="1" type="stmt"/>
      <line num="39" count="1" type="stmt"/>
      <line num="40" count="2" type="stmt"/>
      <line num="41" count="2" type="stmt"/>
      <line num="42" count="2" type="stmt"/>
      <line num="43" count="2" type="stmt"/>
    </file>
  </project>
</coverage>
